<?xml version="1.0" encoding="UTF-8"?>
<!-- Generated by org.testng.reporters.JUnitXMLReporter -->
<testsuite ignored="0" hostname="MACPK-WKS-0132" failures="0" tests="4" name="Default test" time="65.048" errors="0" timestamp="2021-03-24T01:22:06 PKT">
  <testcase classname="Master.ExecutionFile" name="AccessApp" time="10.493"/>
  <testcase classname="Master.ExecutionFile" name="GetCall" time="1.329"/>
  <testcase classname="Master.ExecutionFile" name="Verify_Delay" time="27.602"/>
  <testcase classname="Master.ExecutionFile" name="Verify_Image" time="15.23"/>
</testsuite> <!-- Default test -->
