<?xml version="1.0" encoding="UTF-8"?>
<testng-results ignored="0" total="2" passed="2" failed="0" skipped="0">
  <reporter-output>
  </reporter-output>
  <suite started-at="2021-03-23T23:03:41 PKT" name="Default suite" finished-at="2021-03-23T23:04:41 PKT" duration-ms="59805">
    <groups>
    </groups>
    <test started-at="2021-03-23T23:03:41 PKT" name="Default test" finished-at="2021-03-23T23:04:41 PKT" duration-ms="59805">
      <class name="Master.ExecutionFile">
        <test-method is-config="true" signature="SystmProperties()[pri:0, instance:Master.ExecutionFile@5db250b4]" started-at="2021-03-23T23:03:40 PKT" name="SystmProperties" finished-at="2021-03-23T23:03:41 PKT" duration-ms="712" status="PASS">
          <reporter-output>
          </reporter-output>
        </test-method> <!-- SystmProperties -->
        <test-method is-config="true" signature="Startup()[pri:0, instance:Master.ExecutionFile@5db250b4]" started-at="2021-03-23T23:03:41 PKT" name="Startup" finished-at="2021-03-23T23:03:49 PKT" duration-ms="7288" status="PASS">
          <reporter-output>
          </reporter-output>
        </test-method> <!-- Startup -->
        <test-method signature="AccessApp()[pri:1, instance:Master.ExecutionFile@5db250b4]" started-at="2021-03-23T23:03:49 PKT" name="AccessApp" finished-at="2021-03-23T23:04:01 PKT" duration-ms="12710" status="PASS">
          <reporter-output>
          </reporter-output>
        </test-method> <!-- AccessApp -->
        <test-method is-config="true" signature="getResult(org.testng.ITestResult)[pri:0, instance:Master.ExecutionFile@5db250b4]" started-at="2021-03-23T23:04:01 PKT" name="getResult" finished-at="2021-03-23T23:04:04 PKT" duration-ms="2561" status="PASS">
          <params>
            <param index="0">
              <value>
                <![CDATA[[TestResult name=AccessApp status=SUCCESS method=ExecutionFile.AccessApp()[pri:1, instance:Master.ExecutionFile@5db250b4] output={null}]]]>
              </value>
            </param>
          </params>
          <reporter-output>
          </reporter-output>
        </test-method> <!-- getResult -->
        <test-method signature="Education()[pri:9, instance:Master.ExecutionFile@5db250b4]" started-at="2021-03-23T23:04:04 PKT" name="Education" finished-at="2021-03-23T23:04:41 PKT" duration-ms="36891" status="PASS">
          <reporter-output>
          </reporter-output>
        </test-method> <!-- Education -->
        <test-method is-config="true" signature="getResult(org.testng.ITestResult)[pri:0, instance:Master.ExecutionFile@5db250b4]" started-at="2021-03-23T23:04:41 PKT" name="getResult" finished-at="2021-03-23T23:04:41 PKT" duration-ms="257" status="PASS">
          <params>
            <param index="0">
              <value>
                <![CDATA[[TestResult name=Education status=SUCCESS method=ExecutionFile.Education()[pri:9, instance:Master.ExecutionFile@5db250b4] output={null}]]]>
              </value>
            </param>
          </params>
          <reporter-output>
          </reporter-output>
        </test-method> <!-- getResult -->
        <test-method is-config="true" signature="endReport()[pri:0, instance:Master.ExecutionFile@5db250b4]" started-at="2021-03-23T23:04:41 PKT" name="endReport" finished-at="2021-03-23T23:04:41 PKT" duration-ms="1" status="PASS">
          <reporter-output>
          </reporter-output>
        </test-method> <!-- endReport -->
        <test-method is-config="true" signature="CloseBrowser()[pri:0, instance:Master.ExecutionFile@5db250b4]" started-at="2021-03-23T23:04:41 PKT" name="CloseBrowser" finished-at="2021-03-23T23:04:41 PKT" duration-ms="1" status="PASS">
          <reporter-output>
          </reporter-output>
        </test-method> <!-- CloseBrowser -->
      </class> <!-- Master.ExecutionFile -->
    </test> <!-- Default test -->
  </suite> <!-- Default suite -->
</testng-results>
